<?xml version="1.0" encoding="UTF-8"?>
<!-- Generated by org.testng.reporters.JUnitReportReporter -->
<testsuite hostname="DESKTOP-P88JVBR" failures="0" tests="3" name="Standard_User.MainTestCases" time="3.544" errors="0" timestamp="2024-12-29T23:03:29 EET" skipped="1">
  <testcase classname="Standard_User.MainTestCases" name="Login" time="0.781"/>
  <system-out/>
  <testcase classname="Standard_User.MainTestCases" name="AddToCartItem" time="2.763"/>
  <system-out/>
  <testcase classname="Standard_User.MainTestCases" name="RemoveItemFromThecart">
    <skipped/>
  </testcase> <!-- RemoveItemFromThecart -->
  <system-out/>
</testsuite> <!-- Standard_User.MainTestCases -->
