<?xml version="1.0" encoding="UTF-8"?>
<!-- Generated by org.testng.reporters.JUnitReportReporter -->
<testsuite hostname="DESKTOP-P88JVBR" failures="0" tests="2" name="myTestCasesSauseLab.MainTestCases" time="0.952" errors="0" timestamp="2024-12-25T20:58:27 EET" skipped="0">
  <testcase classname="myTestCasesSauseLab.MainTestCases" name="Login" time="0.736"/>
  <system-out/>
  <testcase classname="myTestCasesSauseLab.MainTestCases" name="AddToCartItem" time="0.216"/>
  <system-out/>
</testsuite> <!-- myTestCasesSauseLab.MainTestCases -->
